<?xml version="1.0" encoding="UTF-8"?>
<testng-results skipped="0" failed="0" ignored="0" total="2" passed="2">
  <reporter-output>
  </reporter-output>
  <suite name="Default suite" duration-ms="2388" started-at="2018-12-04T18:38:47Z" finished-at="2018-12-04T18:38:49Z">
    <groups>
    </groups>
    <test name="Default test" duration-ms="2388" started-at="2018-12-04T18:38:47Z" finished-at="2018-12-04T18:38:49Z">
      <class name="com.test.testcases.GetAPITest">
        <test-method status="PASS" signature="setUp()[pri:0, instance:com.test.testcases.GetAPITest@2a2d45ba]" name="setUp" is-config="true" duration-ms="10" started-at="2018-12-04T18:38:47Z" finished-at="2018-12-04T18:38:47Z">
          <reporter-output>
          </reporter-output>
        </test-method> <!-- setUp -->
        <test-method status="PASS" signature="getAPITest()[pri:2, instance:com.test.testcases.GetAPITest@2a2d45ba]" name="getAPITest" duration-ms="1753" started-at="2018-12-04T18:38:47Z" finished-at="2018-12-04T18:38:49Z">
          <reporter-output>
          </reporter-output>
        </test-method> <!-- getAPITest -->
        <test-method status="PASS" signature="getAPIWithoutTest()[pri:2, instance:com.test.testcases.GetAPITest@2a2d45ba]" name="getAPIWithoutTest" duration-ms="579" started-at="2018-12-04T18:38:49Z" finished-at="2018-12-04T18:38:49Z">
          <reporter-output>
          </reporter-output>
        </test-method> <!-- getAPIWithoutTest -->
        <test-method status="PASS" signature="setUp()[pri:0, instance:com.test.testcases.GetAPITest@2a2d45ba]" name="setUp" is-config="true" duration-ms="0" started-at="2018-12-04T18:38:49Z" finished-at="2018-12-04T18:38:49Z">
          <reporter-output>
          </reporter-output>
        </test-method> <!-- setUp -->
      </class> <!-- com.test.testcases.GetAPITest -->
    </test> <!-- Default test -->
  </suite> <!-- Default suite -->
</testng-results>
