<?xml version="1.0" encoding="UTF-8"?>
<testng-results skipped="0" failed="0" ignored="0" total="1" passed="1">
  <reporter-output>
  </reporter-output>
  <suite name="Default suite" duration-ms="5452" started-at="2018-12-10T07:56:47Z" finished-at="2018-12-10T07:56:52Z">
    <groups>
    </groups>
    <test name="Default test" duration-ms="5452" started-at="2018-12-10T07:56:47Z" finished-at="2018-12-10T07:56:52Z">
      <class name="com.test.testcases.POSTAPITest">
        <test-method status="PASS" signature="setUp()[pri:0, instance:com.test.testcases.POSTAPITest@46d56d67]" name="setUp" is-config="true" duration-ms="14" started-at="2018-12-10T07:56:47Z" finished-at="2018-12-10T07:56:47Z">
          <reporter-output>
          </reporter-output>
        </test-method> <!-- setUp -->
        <test-method status="PASS" signature="postAPITest()[pri:0, instance:com.test.testcases.POSTAPITest@46d56d67]" name="postAPITest" duration-ms="5384" started-at="2018-12-10T07:56:47Z" finished-at="2018-12-10T07:56:52Z">
          <reporter-output>
          </reporter-output>
        </test-method> <!-- postAPITest -->
      </class> <!-- com.test.testcases.POSTAPITest -->
    </test> <!-- Default test -->
  </suite> <!-- Default suite -->
</testng-results>
